Flow report for FPGAPOSMachine
Tue Jun 22 03:29:48 2021
Quartus II 64-Bit Version 13.1.0 Build 162 10/23/2013 SJ Web Edition


---------------------
; Table of Contents ;
---------------------
  1. Legal Notice
  2. Flow Summary
  3. Flow Settings
  4. Flow Non-Default Global Settings
  5. Flow Elapsed Time
  6. Flow OS Summary
  7. Flow Log
  8. Flow Messages
  9. Flow Suppressed Messages



----------------
; Legal Notice ;
----------------
Copyright (C) 1991-2013 Altera Corporation
Your use of Altera Corporation's design tools, logic functions 
and other software and tools, and its AMPP partner logic 
functions, and any output files from any of the foregoing 
(including device programming or simulation files), and any 
associated documentation or information are expressly subject 
to the terms and conditions of the Altera Program License 
Subscription Agreement, Altera MegaCore Function License 
Agreement, or other applicable license agreement, including, 
without limitation, that your use is for the sole purpose of 
programming logic devices manufactured by Altera and sold by 
Altera or its authorized distributors.  Please refer to the 
applicable agreement for further details.



+------------------------------------------------------------------------------+
; Flow Summary                                                                 ;
+---------------------------------+--------------------------------------------+
; Flow Status                     ; Successful - Tue Jun 22 03:29:48 2021      ;
; Quartus II 64-Bit Version       ; 13.1.0 Build 162 10/23/2013 SJ Web Edition ;
; Revision Name                   ; FPGAPOSMachine                             ;
; Top-level Entity Name           ; FPGAPOSMachine                             ;
; Family                          ; Cyclone V                                  ;
; Device                          ; 5CSEMA5F31C6                               ;
; Timing Models                   ; Preliminary                                ;
; Logic utilization (in ALMs)     ; 7,919 / 32,070 ( 25 % )                    ;
; Total registers                 ; 52                                         ;
; Total pins                      ; 38 / 457 ( 8 % )                           ;
; Total virtual pins              ; 0                                          ;
; Total block memory bits         ; 0 / 4,065,280 ( 0 % )                      ;
; Total DSP Blocks                ; 1 / 87 ( 1 % )                             ;
; Total HSSI RX PCSs              ; 0                                          ;
; Total HSSI PMA RX Deserializers ; 0                                          ;
; Total HSSI TX PCSs              ; 0                                          ;
; Total HSSI TX Channels          ; 0                                          ;
; Total PLLs                      ; 0 / 6 ( 0 % )                              ;
; Total DLLs                      ; 0 / 4 ( 0 % )                              ;
+---------------------------------+--------------------------------------------+


+-----------------------------------------+
; Flow Settings                           ;
+-------------------+---------------------+
; Option            ; Setting             ;
+-------------------+---------------------+
; Start date & time ; 06/22/2021 03:24:48 ;
; Main task         ; Compilation         ;
; Revision Name     ; FPGAPOSMachine      ;
+-------------------+---------------------+


+----------------------------------------------------------------------------------------------------------------------------------------------------+
; Flow Non-Default Global Settings                                                                                                                   ;
+-------------------------------------+---------------------------------------+--------------------+-------------+-----------------------------------+
; Assignment Name                     ; Value                                 ; Default Value      ; Entity Name ; Section Id                        ;
+-------------------------------------+---------------------------------------+--------------------+-------------+-----------------------------------+
; COMPILER_SIGNATURE_ID               ; 194042954881438.162432148824200       ; --                 ; --          ; --                                ;
; EDA_GENERATE_FUNCTIONAL_NETLIST     ; Off                                   ; --                 ; --          ; eda_board_design_timing           ;
; EDA_GENERATE_FUNCTIONAL_NETLIST     ; Off                                   ; --                 ; --          ; eda_board_design_symbol           ;
; EDA_GENERATE_FUNCTIONAL_NETLIST     ; Off                                   ; --                 ; --          ; eda_board_design_signal_integrity ;
; EDA_GENERATE_FUNCTIONAL_NETLIST     ; Off                                   ; --                 ; --          ; eda_board_design_boundary_scan    ;
; EDA_GENERATE_FUNCTIONAL_NETLIST     ; Off                                   ; --                 ; --          ; eda_formal_verification           ;
; EDA_OUTPUT_DATA_FORMAT              ; Verilog Hdl                           ; --                 ; --          ; eda_simulation                    ;
; EDA_SIMULATION_TOOL                 ; ModelSim-Altera (Verilog)             ; <None>             ; --          ; --                                ;
; EDA_TIME_SCALE                      ; 1 ps                                  ; --                 ; --          ; eda_simulation                    ;
; ENABLE_OCT_DONE                     ; Off                                   ; On                 ; --          ; --                                ;
; MAX_CORE_JUNCTION_TEMP              ; 85                                    ; --                 ; --          ; --                                ;
; MIN_CORE_JUNCTION_TEMP              ; 0                                     ; --                 ; --          ; --                                ;
; OPTIMIZE_POWER_DURING_FITTING       ; Off                                   ; Normal compilation ; --          ; --                                ;
; PARTITION_COLOR                     ; 16764057                              ; --                 ; --          ; Top                               ;
; PARTITION_FITTER_PRESERVATION_LEVEL ; PLACEMENT_AND_ROUTING                 ; --                 ; --          ; Top                               ;
; PARTITION_NETLIST_TYPE              ; SOURCE                                ; --                 ; --          ; Top                               ;
; POWER_BOARD_THERMAL_MODEL           ; None (CONSERVATIVE)                   ; --                 ; --          ; --                                ;
; POWER_PRESET_COOLING_SOLUTION       ; 23 MM HEAT SINK WITH 200 LFPM AIRFLOW ; --                 ; --          ; --                                ;
; PROJECT_OUTPUT_DIRECTORY            ; output_files                          ; --                 ; --          ; --                                ;
; SMART_RECOMPILE                     ; On                                    ; Off                ; --          ; --                                ;
+-------------------------------------+---------------------------------------+--------------------+-------------+-----------------------------------+


+-------------------------------------------------------------------------------------------------------------------------------+
; Flow Elapsed Time                                                                                                             ;
+---------------------------+--------------+-------------------------+---------------------+------------------------------------+
; Module Name               ; Elapsed Time ; Average Processors Used ; Peak Virtual Memory ; Total CPU Time (on all processors) ;
+---------------------------+--------------+-------------------------+---------------------+------------------------------------+
; Analysis & Synthesis      ; 00:01:55     ; 4.0                     ; 4816 MB             ; 00:04:11                           ;
; Fitter                    ; 00:02:24     ; 3.1                     ; 6251 MB             ; 00:04:00                           ;
; Assembler                 ; 00:00:12     ; 1.0                     ; 4829 MB             ; 00:00:12                           ;
; TimeQuest Timing Analyzer ; 00:00:14     ; 2.8                     ; 5141 MB             ; 00:00:44                           ;
; EDA Netlist Writer        ; 00:00:05     ; 1.0                     ; 4713 MB             ; 00:00:05                           ;
; Total                     ; 00:04:50     ; --                      ; --                  ; 00:09:12                           ;
+---------------------------+--------------+-------------------------+---------------------+------------------------------------+


+----------------------------------------------------------------------------------------+
; Flow OS Summary                                                                        ;
+---------------------------+------------------+-----------+------------+----------------+
; Module Name               ; Machine Hostname ; OS Name   ; OS Version ; Processor type ;
+---------------------------+------------------+-----------+------------+----------------+
; Analysis & Synthesis      ; DESKTOP-UTBT0UE  ; Windows 7 ; 6.2        ; x86_64         ;
; Fitter                    ; DESKTOP-UTBT0UE  ; Windows 7 ; 6.2        ; x86_64         ;
; Assembler                 ; DESKTOP-UTBT0UE  ; Windows 7 ; 6.2        ; x86_64         ;
; TimeQuest Timing Analyzer ; DESKTOP-UTBT0UE  ; Windows 7 ; 6.2        ; x86_64         ;
; EDA Netlist Writer        ; DESKTOP-UTBT0UE  ; Windows 7 ; 6.2        ; x86_64         ;
+---------------------------+------------------+-----------+------------+----------------+


------------
; Flow Log ;
------------
quartus_map --read_settings_files=on --write_settings_files=off FPGAPOSMachine -c FPGAPOSMachine
quartus_fit --read_settings_files=off --write_settings_files=off FPGAPOSMachine -c FPGAPOSMachine
quartus_asm --read_settings_files=off --write_settings_files=off FPGAPOSMachine -c FPGAPOSMachine
quartus_sta FPGAPOSMachine -c FPGAPOSMachine
quartus_eda --read_settings_files=off --write_settings_files=off FPGAPOSMachine -c FPGAPOSMachine



