Analysis & Synthesis report for FPGAPOSMachine
Fri Jun 18 13:58:06 2021
Quartus II 64-Bit Version 14.1.0 Build 186 12/03/2014 SJ Full Version


---------------------
; Table of Contents ;
---------------------
  1. Legal Notice
  2. Analysis & Synthesis Summary
  3. Analysis & Synthesis Settings
  4. Parallel Compilation
  5. Analysis & Synthesis Source Files Read
  6. Analysis & Synthesis Resource Usage Summary
  7. Analysis & Synthesis Resource Utilization by Entity
  8. User-Specified and Inferred Latches
  9. Registers Removed During Synthesis
 10. General Register Statistics
 11. Port Connectivity Checks: "vgasync:vgasync"
 12. Post-Synthesis Netlist Statistics for Top Partition
 13. Elapsed Time Per Partition
 14. Analysis & Synthesis Messages



----------------
; Legal Notice ;
----------------
Copyright (C) 1991-2014 Altera Corporation. All rights reserved.
Your use of Altera Corporation's design tools, logic functions 
and other software and tools, and its AMPP partner logic 
functions, and any output files from any of the foregoing 
(including device programming or simulation files), and any 
associated documentation or information are expressly subject 
to the terms and conditions of the Altera Program License 
Subscription Agreement, the Altera Quartus II License Agreement,
the Altera MegaCore Function License Agreement, or other 
applicable license agreement, including, without limitation, 
that your use is for the sole purpose of programming logic 
devices manufactured by Altera and sold by Altera or its 
authorized distributors.  Please refer to the applicable 
agreement for further details.



+-------------------------------------------------------------------------------+
; Analysis & Synthesis Summary                                                  ;
+---------------------------------+---------------------------------------------+
; Analysis & Synthesis Status     ; Successful - Fri Jun 18 13:58:06 2021       ;
; Quartus II 64-Bit Version       ; 14.1.0 Build 186 12/03/2014 SJ Full Version ;
; Revision Name                   ; FPGAPOSMachine                              ;
; Top-level Entity Name           ; FPGAPOSMachine                              ;
; Family                          ; Cyclone V                                   ;
; Logic utilization (in ALMs)     ; N/A                                         ;
; Total registers                 ; 31                                          ;
; Total pins                      ; 39                                          ;
; Total virtual pins              ; 0                                           ;
; Total block memory bits         ; 0                                           ;
; Total DSP Blocks                ; 0                                           ;
; Total HSSI RX PCSs              ; 0                                           ;
; Total HSSI PMA RX Deserializers ; 0                                           ;
; Total HSSI TX PCSs              ; 0                                           ;
; Total HSSI PMA TX Serializers   ; 0                                           ;
; Total PLLs                      ; 0                                           ;
; Total DLLs                      ; 0                                           ;
+---------------------------------+---------------------------------------------+


+---------------------------------------------------------------------------------------------------------------------------+
; Analysis & Synthesis Settings                                                                                             ;
+---------------------------------------------------------------------------------+--------------------+--------------------+
; Option                                                                          ; Setting            ; Default Value      ;
+---------------------------------------------------------------------------------+--------------------+--------------------+
; Device                                                                          ; 5CSEMA5F31C6       ;                    ;
; Top-level entity name                                                           ; FPGAPOSMachine     ; FPGAPOSMachine     ;
; Family name                                                                     ; Cyclone V          ; Cyclone IV GX      ;
; Use smart compilation                                                           ; Off                ; Off                ;
; Enable parallel Assembler and TimeQuest Timing Analyzer during compilation      ; On                 ; On                 ;
; Enable compact report table                                                     ; Off                ; Off                ;
; Restructure Multiplexers                                                        ; Auto               ; Auto               ;
; MLAB Add Timing Constraints For Mixed-Port Feed-Through Mode Setting Don't Care ; Off                ; Off                ;
; Create Debugging Nodes for IP Cores                                             ; Off                ; Off                ;
; Preserve fewer node names                                                       ; On                 ; On                 ;
; Disable OpenCore Plus hardware evaluation                                       ; Off                ; Off                ;
; Verilog Version                                                                 ; Verilog_2001       ; Verilog_2001       ;
; VHDL Version                                                                    ; VHDL_1993          ; VHDL_1993          ;
; State Machine Processing                                                        ; Auto               ; Auto               ;
; Safe State Machine                                                              ; Off                ; Off                ;
; Extract Verilog State Machines                                                  ; On                 ; On                 ;
; Extract VHDL State Machines                                                     ; On                 ; On                 ;
; Ignore Verilog initial constructs                                               ; Off                ; Off                ;
; Iteration limit for constant Verilog loops                                      ; 5000               ; 5000               ;
; Iteration limit for non-constant Verilog loops                                  ; 250                ; 250                ;
; Add Pass-Through Logic to Inferred RAMs                                         ; On                 ; On                 ;
; Infer RAMs from Raw Logic                                                       ; On                 ; On                 ;
; Parallel Synthesis                                                              ; On                 ; On                 ;
; DSP Block Balancing                                                             ; Auto               ; Auto               ;
; NOT Gate Push-Back                                                              ; On                 ; On                 ;
; Power-Up Don't Care                                                             ; On                 ; On                 ;
; Remove Redundant Logic Cells                                                    ; Off                ; Off                ;
; Remove Duplicate Registers                                                      ; On                 ; On                 ;
; Ignore CARRY Buffers                                                            ; Off                ; Off                ;
; Ignore CASCADE Buffers                                                          ; Off                ; Off                ;
; Ignore GLOBAL Buffers                                                           ; Off                ; Off                ;
; Ignore ROW GLOBAL Buffers                                                       ; Off                ; Off                ;
; Ignore LCELL Buffers                                                            ; Off                ; Off                ;
; Ignore SOFT Buffers                                                             ; On                 ; On                 ;
; Limit AHDL Integers to 32 Bits                                                  ; Off                ; Off                ;
; Optimization Technique                                                          ; Balanced           ; Balanced           ;
; Carry Chain Length                                                              ; 70                 ; 70                 ;
; Auto Carry Chains                                                               ; On                 ; On                 ;
; Auto Open-Drain Pins                                                            ; On                 ; On                 ;
; Perform WYSIWYG Primitive Resynthesis                                           ; Off                ; Off                ;
; Auto ROM Replacement                                                            ; On                 ; On                 ;
; Auto RAM Replacement                                                            ; On                 ; On                 ;
; Auto DSP Block Replacement                                                      ; On                 ; On                 ;
; Auto Shift Register Replacement                                                 ; Auto               ; Auto               ;
; Allow Shift Register Merging across Hierarchies                                 ; Auto               ; Auto               ;
; Auto Clock Enable Replacement                                                   ; On                 ; On                 ;
; Strict RAM Replacement                                                          ; Off                ; Off                ;
; Allow Synchronous Control Signals                                               ; On                 ; On                 ;
; Force Use of Synchronous Clear Signals                                          ; Off                ; Off                ;
; Auto Resource Sharing                                                           ; Off                ; Off                ;
; Allow Any RAM Size For Recognition                                              ; Off                ; Off                ;
; Allow Any ROM Size For Recognition                                              ; Off                ; Off                ;
; Allow Any Shift Register Size For Recognition                                   ; Off                ; Off                ;
; Use LogicLock Constraints during Resource Balancing                             ; On                 ; On                 ;
; Ignore translate_off and synthesis_off directives                               ; Off                ; Off                ;
; Timing-Driven Synthesis                                                         ; On                 ; On                 ;
; Report Parameter Settings                                                       ; On                 ; On                 ;
; Report Source Assignments                                                       ; On                 ; On                 ;
; Report Connectivity Checks                                                      ; On                 ; On                 ;
; Ignore Maximum Fan-Out Assignments                                              ; Off                ; Off                ;
; Synchronization Register Chain Length                                           ; 3                  ; 3                  ;
; PowerPlay Power Optimization During Synthesis                                   ; Normal compilation ; Normal compilation ;
; HDL message level                                                               ; Level2             ; Level2             ;
; Suppress Register Optimization Related Messages                                 ; Off                ; Off                ;
; Number of Removed Registers Reported in Synthesis Report                        ; 5000               ; 5000               ;
; Number of Swept Nodes Reported in Synthesis Report                              ; 5000               ; 5000               ;
; Number of Inverted Registers Reported in Synthesis Report                       ; 100                ; 100                ;
; Clock MUX Protection                                                            ; On                 ; On                 ;
; Auto Gated Clock Conversion                                                     ; Off                ; Off                ;
; Block Design Naming                                                             ; Auto               ; Auto               ;
; SDC constraint protection                                                       ; Off                ; Off                ;
; Synthesis Effort                                                                ; Auto               ; Auto               ;
; Shift Register Replacement - Allow Asynchronous Clear Signal                    ; On                 ; On                 ;
; Pre-Mapping Resynthesis Optimization                                            ; Off                ; Off                ;
; Analysis & Synthesis Message Level                                              ; Medium             ; Medium             ;
; Disable Register Merging Across Hierarchies                                     ; Auto               ; Auto               ;
; Resource Aware Inference For Block RAM                                          ; On                 ; On                 ;
; Synthesis Seed                                                                  ; 1                  ; 1                  ;
; Automatic Parallel Synthesis                                                    ; On                 ; On                 ;
; Partial Reconfiguration Bitstream ID                                            ; Off                ; Off                ;
+---------------------------------------------------------------------------------+--------------------+--------------------+


+------------------------------------------+
; Parallel Compilation                     ;
+----------------------------+-------------+
; Processors                 ; Number      ;
+----------------------------+-------------+
; Number detected on machine ; 8           ;
; Maximum allowed            ; 4           ;
;                            ;             ;
; Average used               ; 1.00        ;
; Maximum used               ; 1           ;
;                            ;             ;
; Usage by Processor         ; % Time Used ;
;     Processor 1            ; 100.0%      ;
;     Processors 2-8         ;   0.0%      ;
+----------------------------+-------------+


+-------------------------------------------------------------------------------------------------------------------------------------------------------------------+
; Analysis & Synthesis Source Files Read                                                                                                                            ;
+----------------------------------+-----------------+------------------------+---------------------------------------------------------------------------+---------+
; File Name with User-Entered Path ; Used in Netlist ; File Type              ; File Name with Absolute Path                                              ; Library ;
+----------------------------------+-----------------+------------------------+---------------------------------------------------------------------------+---------+
; FPGAPOSMachine.v                 ; yes             ; User Verilog HDL File  ; C:/Users/beyza/Documents/GitHub/FPGA-POS-Machine/Quartus/FPGAPOSMachine.v ;         ;
; vgasync.v                        ; yes             ; User Verilog HDL File  ; C:/Users/beyza/Documents/GitHub/FPGA-POS-Machine/Quartus/vgasync.v        ;         ;
+----------------------------------+-----------------+------------------------+---------------------------------------------------------------------------+---------+


+-------------------------------------------------------------------------+
; Analysis & Synthesis Resource Usage Summary                             ;
+---------------------------------------------+---------------------------+
; Resource                                    ; Usage                     ;
+---------------------------------------------+---------------------------+
; Estimate of Logic utilization (ALMs needed) ; 38                        ;
;                                             ;                           ;
; Combinational ALUT usage for logic          ; 65                        ;
;     -- 7 input functions                    ; 0                         ;
;     -- 6 input functions                    ; 9                         ;
;     -- 5 input functions                    ; 9                         ;
;     -- 4 input functions                    ; 5                         ;
;     -- <=3 input functions                  ; 42                        ;
;                                             ;                           ;
; Dedicated logic registers                   ; 31                        ;
;                                             ;                           ;
; I/O pins                                    ; 39                        ;
;                                             ;                           ;
; Total DSP Blocks                            ; 0                         ;
;                                             ;                           ;
; Maximum fan-out node                        ; vgasync:vgasync|pixel_reg ;
; Maximum fan-out                             ; 43                        ;
; Total fan-out                               ; 379                       ;
; Average fan-out                             ; 2.18                      ;
+---------------------------------------------+---------------------------+


+-----------------------------------------------------------------------------------------------------------------------------------------------------------------------+
; Analysis & Synthesis Resource Utilization by Entity                                                                                                                   ;
+----------------------------+-------------------+--------------+-------------------+------------+------+--------------+---------------------------------+--------------+
; Compilation Hierarchy Node ; LC Combinationals ; LC Registers ; Block Memory Bits ; DSP Blocks ; Pins ; Virtual Pins ; Full Hierarchy Name             ; Library Name ;
+----------------------------+-------------------+--------------+-------------------+------------+------+--------------+---------------------------------+--------------+
; |FPGAPOSMachine            ; 65 (8)            ; 31 (8)       ; 0                 ; 0          ; 39   ; 0            ; |FPGAPOSMachine                 ; work         ;
;    |vgasync:vgasync|       ; 57 (57)           ; 23 (23)      ; 0                 ; 0          ; 0    ; 0            ; |FPGAPOSMachine|vgasync:vgasync ; work         ;
+----------------------------+-------------------+--------------+-------------------+------------+------+--------------+---------------------------------+--------------+
Note: For table entries with two numbers listed, the numbers in parentheses indicate the number of resources of the given type used by the specific entity alone. The numbers listed outside of parentheses indicate the total resources of the given type used by the specific entity and all of its sub-entities in the hierarchy.


+-------------------------------------------------------------------------------------------------------------+
; User-Specified and Inferred Latches                                                                         ;
+-----------------------------------------------------+------------------------------+------------------------+
; Latch Name                                          ; Latch Enable Signal          ; Free of Timing Hazards ;
+-----------------------------------------------------+------------------------------+------------------------+
; vgasync:vgasync|v_count_next[9]                     ; vgasync:vgasync|v_count_next ; yes                    ;
; vgasync:vgasync|h_count_next[9]                     ; vgasync:vgasync|pixel_reg    ; yes                    ;
; vgasync:vgasync|h_count_next[8]                     ; vgasync:vgasync|pixel_reg    ; yes                    ;
; vgasync:vgasync|h_count_next[7]                     ; vgasync:vgasync|pixel_reg    ; yes                    ;
; vgasync:vgasync|v_count_next[8]                     ; vgasync:vgasync|v_count_next ; yes                    ;
; vgasync:vgasync|v_count_next[7]                     ; vgasync:vgasync|v_count_next ; yes                    ;
; vgasync:vgasync|v_count_next[6]                     ; vgasync:vgasync|v_count_next ; yes                    ;
; vgasync:vgasync|v_count_next[5]                     ; vgasync:vgasync|v_count_next ; yes                    ;
; vgasync:vgasync|h_count_next[6]                     ; vgasync:vgasync|pixel_reg    ; yes                    ;
; vgasync:vgasync|h_count_next[5]                     ; vgasync:vgasync|pixel_reg    ; yes                    ;
; vgasync:vgasync|h_count_next[4]                     ; vgasync:vgasync|pixel_reg    ; yes                    ;
; vgasync:vgasync|h_count_next[3]                     ; vgasync:vgasync|pixel_reg    ; yes                    ;
; vgasync:vgasync|h_count_next[2]                     ; vgasync:vgasync|pixel_reg    ; yes                    ;
; vgasync:vgasync|h_count_next[1]                     ; vgasync:vgasync|pixel_reg    ; yes                    ;
; vgasync:vgasync|h_count_next[0]                     ; vgasync:vgasync|pixel_reg    ; yes                    ;
; vgasync:vgasync|v_count_next[4]                     ; vgasync:vgasync|v_count_next ; yes                    ;
; vgasync:vgasync|v_count_next[3]                     ; vgasync:vgasync|v_count_next ; yes                    ;
; vgasync:vgasync|v_count_next[2]                     ; vgasync:vgasync|v_count_next ; yes                    ;
; vgasync:vgasync|v_count_next[1]                     ; vgasync:vgasync|v_count_next ; yes                    ;
; vgasync:vgasync|v_count_next[0]                     ; vgasync:vgasync|v_count_next ; yes                    ;
; Number of user-specified and inferred latches = 20  ;                              ;                        ;
+-----------------------------------------------------+------------------------------+------------------------+
Note: All latches listed above may not be present at the end of synthesis due to various synthesis optimizations.


+------------------------------------------------------------------+
; Registers Removed During Synthesis                               ;
+----------------------------------------+-------------------------+
; Register name                          ; Reason for Removal      ;
+----------------------------------------+-------------------------+
; green_reg[0]                           ; Merged with blue_reg[0] ;
; red_reg[0]                             ; Merged with blue_reg[0] ;
; green_reg[1]                           ; Merged with blue_reg[1] ;
; red_reg[1]                             ; Merged with blue_reg[1] ;
; green_reg[2]                           ; Merged with blue_reg[2] ;
; red_reg[2]                             ; Merged with blue_reg[2] ;
; green_reg[3]                           ; Merged with blue_reg[3] ;
; red_reg[3]                             ; Merged with blue_reg[3] ;
; green_reg[4]                           ; Merged with blue_reg[4] ;
; red_reg[4]                             ; Merged with blue_reg[4] ;
; green_reg[5]                           ; Merged with blue_reg[5] ;
; red_reg[5]                             ; Merged with blue_reg[5] ;
; green_reg[6]                           ; Merged with blue_reg[6] ;
; red_reg[6]                             ; Merged with blue_reg[6] ;
; green_reg[7]                           ; Merged with blue_reg[7] ;
; red_reg[7]                             ; Merged with blue_reg[7] ;
; Total Number of Removed Registers = 16 ;                         ;
+----------------------------------------+-------------------------+


+------------------------------------------------------+
; General Register Statistics                          ;
+----------------------------------------------+-------+
; Statistic                                    ; Value ;
+----------------------------------------------+-------+
; Total registers                              ; 31    ;
; Number of registers using Synchronous Clear  ; 0     ;
; Number of registers using Synchronous Load   ; 0     ;
; Number of registers using Asynchronous Clear ; 30    ;
; Number of registers using Asynchronous Load  ; 0     ;
; Number of registers using Clock Enable       ; 0     ;
; Number of registers using Preset             ; 0     ;
+----------------------------------------------+-------+


+----------------------------------------------------------------------------------------------------------------+
; Port Connectivity Checks: "vgasync:vgasync"                                                                    ;
+------+--------+----------+-------------------------------------------------------------------------------------+
; Port ; Type   ; Severity ; Details                                                                             ;
+------+--------+----------+-------------------------------------------------------------------------------------+
; x    ; Output ; Info     ; Connected to dangling logic. Logic that only feeds a dangling port will be removed. ;
; y    ; Output ; Info     ; Connected to dangling logic. Logic that only feeds a dangling port will be removed. ;
+------+--------+----------+-------------------------------------------------------------------------------------+


+-----------------------------------------------------+
; Post-Synthesis Netlist Statistics for Top Partition ;
+-----------------------+-----------------------------+
; Type                  ; Count                       ;
+-----------------------+-----------------------------+
; arriav_ff             ; 31                          ;
;     CLR               ; 30                          ;
;     plain             ; 1                           ;
; arriav_lcell_comb     ; 67                          ;
;     arith             ; 20                          ;
;         1 data inputs ; 20                          ;
;     normal            ; 47                          ;
;         0 data inputs ; 1                           ;
;         1 data inputs ; 2                           ;
;         3 data inputs ; 21                          ;
;         4 data inputs ; 5                           ;
;         5 data inputs ; 9                           ;
;         6 data inputs ; 9                           ;
; boundary_port         ; 39                          ;
;                       ;                             ;
; Max LUT depth         ; 3.90                        ;
; Average LUT depth     ; 2.40                        ;
+-----------------------+-----------------------------+


+-------------------------------+
; Elapsed Time Per Partition    ;
+----------------+--------------+
; Partition Name ; Elapsed Time ;
+----------------+--------------+
; Top            ; 00:00:00     ;
+----------------+--------------+


+-------------------------------+
; Analysis & Synthesis Messages ;
+-------------------------------+
Info: *******************************************************************
Info: Running Quartus II 64-Bit Analysis & Synthesis
    Info: Version 14.1.0 Build 186 12/03/2014 SJ Full Version
    Info: Processing started: Fri Jun 18 13:57:54 2021
Info: Command: quartus_map --read_settings_files=on --write_settings_files=off FPGAPOSMachine -c FPGAPOSMachine
Info (11104): Parallel Compilation has detected 8 hyper-threaded processors. However, the extra hyper-threaded processors will not be used by default. Parallel Compilation will use 4 of the 4 physical processors detected instead.
Info (12021): Found 1 design units, including 1 entities, in source file fpgaposmachine.v
    Info (12023): Found entity 1: FPGAPOSMachine
Info (12021): Found 1 design units, including 1 entities, in source file vgasync.v
    Info (12023): Found entity 1: vgasync
Info (12021): Found 1 design units, including 1 entities, in source file vgatest.v
    Info (12023): Found entity 1: vgatestbench
Info (12021): Found 1 design units, including 1 entities, in source file clkgenerator.v
    Info (12023): Found entity 1: clkgenerator
Info (12127): Elaborating entity "FPGAPOSMachine" for the top level hierarchy
Info (12128): Elaborating entity "vgasync" for hierarchy "vgasync:vgasync"
Warning (10230): Verilog HDL assignment warning at vgasync.v(68): truncated value with size 32 to match size of target (10)
Warning (10230): Verilog HDL assignment warning at vgasync.v(69): truncated value with size 32 to match size of target (10)
Warning (10240): Verilog HDL Always Construct warning at vgasync.v(68): inferring latch(es) for variable "h_count_next", which holds its previous value in one or more paths through the always construct
Warning (10240): Verilog HDL Always Construct warning at vgasync.v(68): inferring latch(es) for variable "v_count_next", which holds its previous value in one or more paths through the always construct
Info (10041): Inferred latch for "v_count_next[0]" at vgasync.v(68)
Info (10041): Inferred latch for "v_count_next[1]" at vgasync.v(68)
Info (10041): Inferred latch for "v_count_next[2]" at vgasync.v(68)
Info (10041): Inferred latch for "v_count_next[3]" at vgasync.v(68)
Info (10041): Inferred latch for "v_count_next[4]" at vgasync.v(68)
Info (10041): Inferred latch for "v_count_next[5]" at vgasync.v(68)
Info (10041): Inferred latch for "v_count_next[6]" at vgasync.v(68)
Info (10041): Inferred latch for "v_count_next[7]" at vgasync.v(68)
Info (10041): Inferred latch for "v_count_next[8]" at vgasync.v(68)
Info (10041): Inferred latch for "v_count_next[9]" at vgasync.v(68)
Info (10041): Inferred latch for "h_count_next[0]" at vgasync.v(68)
Info (10041): Inferred latch for "h_count_next[1]" at vgasync.v(68)
Info (10041): Inferred latch for "h_count_next[2]" at vgasync.v(68)
Info (10041): Inferred latch for "h_count_next[3]" at vgasync.v(68)
Info (10041): Inferred latch for "h_count_next[4]" at vgasync.v(68)
Info (10041): Inferred latch for "h_count_next[5]" at vgasync.v(68)
Info (10041): Inferred latch for "h_count_next[6]" at vgasync.v(68)
Info (10041): Inferred latch for "h_count_next[7]" at vgasync.v(68)
Info (10041): Inferred latch for "h_count_next[8]" at vgasync.v(68)
Info (10041): Inferred latch for "h_count_next[9]" at vgasync.v(68)
Warning (13024): Output pins are stuck at VCC or GND
    Warning (13410): Pin "blank" is stuck at GND
    Warning (13410): Pin "sync" is stuck at GND
Info (286030): Timing-Driven Synthesis is running
Info (16010): Generating hard_block partition "hard_block:auto_generated_inst"
    Info (16011): Adding 0 node(s), including 0 DDIO, 0 PLL, 0 transceiver and 0 LCELL
Info (21057): Implemented 132 device resources after synthesis - the final resource count might be different
    Info (21058): Implemented 10 input pins
    Info (21059): Implemented 29 output pins
    Info (21061): Implemented 93 logic cells
Info: Quartus II 64-Bit Analysis & Synthesis was successful. 0 errors, 7 warnings
    Info: Peak virtual memory: 4837 megabytes
    Info: Processing ended: Fri Jun 18 13:58:06 2021
    Info: Elapsed time: 00:00:12
    Info: Total CPU time (on all processors): 00:00:27


